     0 Thu May 22 08:17:56 EDT 2008 META-INF/
   160 Thu May 22 08:17:54 EDT 2008 META-INF/MANIFEST.MF
     0 Tue May 13 13:07:08 EDT 2008 org/
     0 Tue May 13 13:07:08 EDT 2008 org/gk/
     0 Tue May 13 13:07:16 EDT 2008 org/gk/database/
     0 Tue May 13 13:07:14 EDT 2008 org/gk/database/util/
     0 Tue May 13 13:07:14 EDT 2008 org/gk/model/
     0 Tue May 13 13:07:14 EDT 2008 org/gk/persistence/
     0 Tue May 13 13:07:12 EDT 2008 org/gk/schema/
     0 Tue May 13 13:07:12 EDT 2008 org/gk/slicing/
     0 Tue May 13 13:07:12 EDT 2008 org/gk/util/
  2074 Tue May 13 13:07:14 EDT 2008 org/gk/database/util/AbstractAttributeAutoFiller.class
   181 Tue May 13 13:07:14 EDT 2008 org/gk/database/util/DBTool.class
  4467 Tue May 13 13:07:14 EDT 2008 org/gk/database/util/EventToGoMapTool.class
  6804 Tue May 13 13:07:14 EDT 2008 org/gk/database/util/EventTreeXMLOutput.class
  4863 Tue May 13 13:07:14 EDT 2008 org/gk/database/util/LiteratureReferenceAttributeAutoFiller.class
  5084 Tue May 13 13:07:14 EDT 2008 org/gk/database/util/MODReactomeAnalyzer.class
  1062 Tue May 13 13:07:14 EDT 2008 org/gk/database/util/ReactionCompartmentChecker$1.class
  2060 Tue May 13 13:07:14 EDT 2008 org/gk/database/util/ReactionCompartmentChecker$CompartmentNode.class
  9031 Tue May 13 13:07:14 EDT 2008 org/gk/database/util/ReactionCompartmentChecker.class
  5642 Tue May 13 13:07:14 EDT 2008 org/gk/database/util/ReactionToGoMFMap.class
 10137 Tue May 13 13:07:14 EDT 2008 org/gk/database/util/ReferencePeptideSequenceAutoFiller.class
  1742 Tue May 13 13:07:14 EDT 2008 org/gk/model/AttributeClassNotAllowedException.class
  1379 Tue May 13 13:07:14 EDT 2008 org/gk/model/Bookmark.class
  1756 Tue May 13 13:07:36 EDT 2008 org/gk/model/ClassAttributeFollowingInstruction.class
   640 Tue May 13 13:07:14 EDT 2008 org/gk/model/DBIDNotSetException.class
  1761 Tue May 13 13:07:14 EDT 2008 org/gk/model/DatabaseIdentifier.class
 14180 Tue May 13 13:07:14 EDT 2008 org/gk/model/GKInstance.class
  1036 Tue May 13 13:07:14 EDT 2008 org/gk/model/Instance.class
  2698 Tue May 13 13:07:36 EDT 2008 org/gk/model/InstanceCache.class
 10147 Tue May 13 13:07:14 EDT 2008 org/gk/model/InstanceDisplayNameGenerator.class
   923 Tue May 13 13:07:14 EDT 2008 org/gk/model/InstanceEdit.class
   889 Tue May 13 13:07:14 EDT 2008 org/gk/model/InstanceUtilities$1.class
  1142 Tue May 13 13:07:14 EDT 2008 org/gk/model/InstanceUtilities$2.class
  1300 Tue May 13 13:07:14 EDT 2008 org/gk/model/InstanceUtilities$3.class
 17117 Tue May 13 13:07:14 EDT 2008 org/gk/model/InstanceUtilities.class
  1899 Tue May 13 13:07:14 EDT 2008 org/gk/model/Modification.class
  1055 Tue May 13 13:07:14 EDT 2008 org/gk/model/PersistenceAdaptor.class
   862 Tue May 13 13:07:14 EDT 2008 org/gk/model/Query.class
  7072 Tue May 13 13:07:14 EDT 2008 org/gk/model/ReactomeJavaConstants.class
  2264 Tue May 13 13:07:14 EDT 2008 org/gk/model/Reference.class
  1238 Tue May 13 13:07:14 EDT 2008 org/gk/model/ReferenceDatabase.class
  2147 Tue May 13 13:07:14 EDT 2008 org/gk/model/StoichiometryInstance.class
  2197 Tue May 13 13:07:14 EDT 2008 org/gk/model/Summation.class
  4465 Tue May 13 13:07:14 EDT 2008 org/gk/persistence/Bookmarks.class
  1015 Tue May 13 13:07:14 EDT 2008 org/gk/persistence/DBConnectionPane$1.class
  1024 Tue May 13 13:07:14 EDT 2008 org/gk/persistence/DBConnectionPane$2.class
   985 Tue May 13 13:07:14 EDT 2008 org/gk/persistence/DBConnectionPane$3.class
  1388 Tue May 13 13:07:14 EDT 2008 org/gk/persistence/DBConnectionPane$4.class
  8533 Tue May 13 13:07:14 EDT 2008 org/gk/persistence/DBConnectionPane.class
   593 Tue May 13 13:07:14 EDT 2008 org/gk/persistence/FileAdaptor$IndexInfo.class
 46611 Tue May 13 13:07:14 EDT 2008 org/gk/persistence/FileAdaptor.class
 43526 Tue May 13 13:07:14 EDT 2008 org/gk/persistence/FilePersistence.class
 17748 Tue May 13 13:07:14 EDT 2008 org/gk/persistence/GKBReader.class
 15132 Tue May 13 13:07:14 EDT 2008 org/gk/persistence/GKBWriter.class
   786 Tue May 13 14:58:48 EDT 2008 org/gk/persistence/MySQLAdaptor$AttributeHandler.class
  2393 Tue May 13 14:58:48 EDT 2008 org/gk/persistence/MySQLAdaptor$AttributeQueryRequest.class
  1819 Tue May 13 14:58:48 EDT 2008 org/gk/persistence/MySQLAdaptor$MultiInstanceAttributeHandler.class
  2341 Tue May 13 14:58:48 EDT 2008 org/gk/persistence/MySQLAdaptor$MultiValueAttributeHandler.class
  1635 Tue May 13 14:58:48 EDT 2008 org/gk/persistence/MySQLAdaptor$QueryRequest.class
   530 Tue May 13 14:58:48 EDT 2008 org/gk/persistence/MySQLAdaptor$QueryRequestList.class
   929 Tue May 13 14:58:48 EDT 2008 org/gk/persistence/MySQLAdaptor$ResultSetWithHandlers.class
  2444 Tue May 13 14:58:48 EDT 2008 org/gk/persistence/MySQLAdaptor$ReverseAttributeQueryRequest.class
  1740 Tue May 13 14:58:48 EDT 2008 org/gk/persistence/MySQLAdaptor$SingleInstanceAttributeHandler.class
  2270 Tue May 13 14:58:48 EDT 2008 org/gk/persistence/MySQLAdaptor$SingleValueAttributeHandler.class
 56028 Tue May 13 14:58:48 EDT 2008 org/gk/persistence/MySQLAdaptor.class
  2129 Tue May 13 13:07:14 EDT 2008 org/gk/persistence/PersistenceManager$ConnectInfo.class
  6366 Tue May 13 13:07:14 EDT 2008 org/gk/persistence/PersistenceManager.class
  3362 Tue May 13 13:07:14 EDT 2008 org/gk/persistence/Project.class
   798 Tue May 13 13:07:14 EDT 2008 org/gk/persistence/TransactionsNotSupportedException.class
  1024 Tue May 13 13:07:14 EDT 2008 org/gk/persistence/XMLFileAdaptor$1.class
 32218 Tue May 13 13:07:14 EDT 2008 org/gk/persistence/XMLFileAdaptor.class
  5740 Tue May 13 13:07:36 EDT 2008 org/gk/schema/GKSchema.class
  6973 Tue May 13 13:07:36 EDT 2008 org/gk/schema/GKSchemaAttribute.class
   769 Tue May 13 13:07:36 EDT 2008 org/gk/schema/GKSchemaClass$1.class
 12699 Tue May 13 13:07:36 EDT 2008 org/gk/schema/GKSchemaClass.class
  1043 Tue May 13 13:07:12 EDT 2008 org/gk/schema/InvalidAttributeException.class
   857 Tue May 13 13:07:12 EDT 2008 org/gk/schema/InvalidAttributeValueException.class
   579 Tue May 13 13:07:12 EDT 2008 org/gk/schema/InvalidClassException.class
   541 Tue May 13 13:07:12 EDT 2008 org/gk/schema/Schema.class
  1155 Tue May 13 13:07:12 EDT 2008 org/gk/schema/SchemaAttribute.class
   703 Tue May 13 13:07:12 EDT 2008 org/gk/schema/SchemaClass.class
  5251 Tue May 13 13:07:12 EDT 2008 org/gk/schema/SchemaParser.class
  1272 Tue May 13 13:07:12 EDT 2008 org/gk/slicing/EventReleaseCheckPane$1.class
  1328 Tue May 13 13:07:12 EDT 2008 org/gk/slicing/EventReleaseCheckPane$2.class
  2474 Tue May 13 13:07:12 EDT 2008 org/gk/slicing/EventReleaseCheckPane$3.class
  2870 Tue May 13 13:07:12 EDT 2008 org/gk/slicing/EventReleaseCheckPane$ClickableCellRenderer.class
 11632 Tue May 13 13:07:12 EDT 2008 org/gk/slicing/EventReleaseCheckPane.class
  1162 Tue May 13 13:07:12 EDT 2008 org/gk/slicing/EventReleaseWizard$1.class
  2056 Tue May 13 13:07:12 EDT 2008 org/gk/slicing/EventReleaseWizard$2.class
  1634 Tue May 13 13:07:12 EDT 2008 org/gk/slicing/EventReleaseWizard$3.class
  2948 Tue May 13 13:07:12 EDT 2008 org/gk/slicing/EventReleaseWizard$PreviewPanel$1.class
  1932 Tue May 13 13:07:12 EDT 2008 org/gk/slicing/EventReleaseWizard$PreviewPanel.class
 10724 Tue May 13 13:07:12 EDT 2008 org/gk/slicing/EventReleaseWizard.class
  9113 Tue May 13 13:07:12 EDT 2008 org/gk/slicing/EventSlicingHelper.class
 11415 Tue May 13 19:19:36 EDT 2008 org/gk/slicing/ProjectBasedSlicingEngine.class
 26182 Thu May 22 08:17:28 EDT 2008 org/gk/slicing/SlicingEngine.class
   976 Tue May 13 13:07:12 EDT 2008 org/gk/slicing/WizardInstructionPane$1.class
  4224 Tue May 13 13:07:12 EDT 2008 org/gk/slicing/WizardInstructionPane.class
   907 Tue May 13 13:07:12 EDT 2008 org/gk/util/AboutGKPane$1.class
   743 Tue May 13 13:07:12 EDT 2008 org/gk/util/AboutGKPane$2.class
   987 Tue May 13 13:07:12 EDT 2008 org/gk/util/AboutGKPane$3.class
  1352 Tue May 13 13:07:12 EDT 2008 org/gk/util/AboutGKPane$4.class
  1705 Tue May 13 13:07:12 EDT 2008 org/gk/util/AboutGKPane$5.class
  1895 Tue May 13 13:07:12 EDT 2008 org/gk/util/AboutGKPane$ImagePanel.class
  7955 Tue May 13 13:07:12 EDT 2008 org/gk/util/AboutGKPane.class
  6694 Tue May 13 13:07:12 EDT 2008 org/gk/util/AuthorToolAppletUtilities.class
   165 Tue May 13 13:07:12 EDT 2008 org/gk/util/AutoCompletable.class
  2370 Tue May 13 13:07:12 EDT 2008 org/gk/util/AutoCompletionPane$1.class
  1549 Tue May 13 13:07:12 EDT 2008 org/gk/util/AutoCompletionPane$2.class
  1690 Tue May 13 13:07:12 EDT 2008 org/gk/util/AutoCompletionPane$3.class
  4739 Tue May 13 13:07:12 EDT 2008 org/gk/util/AutoCompletionPane.class
  3956 Tue May 13 13:07:12 EDT 2008 org/gk/util/BrowserLauncher.class
  1641 Tue May 13 13:07:12 EDT 2008 org/gk/util/CloseableTabbedPane$CloseTabIcon.class
  5118 Tue May 13 13:07:12 EDT 2008 org/gk/util/CloseableTabbedPane.class
  1191 Tue May 13 13:07:12 EDT 2008 org/gk/util/DialogControlPane.class
  5335 Tue May 13 13:07:12 EDT 2008 org/gk/util/DrawUtilities.class
   654 Tue May 13 13:07:12 EDT 2008 org/gk/util/Edge.class
 14764 Tue May 13 13:07:12 EDT 2008 org/gk/util/GKApplicationUtilities.class
  1296 Tue May 13 13:07:12 EDT 2008 org/gk/util/GKFileFilter.class
  1829 Tue May 13 13:07:12 EDT 2008 org/gk/util/Graph.class
  8184 Tue May 13 13:07:12 EDT 2008 org/gk/util/GraphLayoutEngine.class
  1015 Tue May 13 13:07:12 EDT 2008 org/gk/util/HierarchicalLayout$1.class
   937 Tue May 13 13:07:12 EDT 2008 org/gk/util/HierarchicalLayout$2.class
   972 Tue May 13 13:07:12 EDT 2008 org/gk/util/HierarchicalLayout$3.class
 11881 Tue May 13 13:07:12 EDT 2008 org/gk/util/HierarchicalLayout.class
   498 Tue May 13 13:07:12 EDT 2008 org/gk/util/ProgressPane$1.class
   504 Tue May 13 13:07:12 EDT 2008 org/gk/util/ProgressPane$2.class
   496 Tue May 13 13:07:12 EDT 2008 org/gk/util/ProgressPane$3.class
   714 Tue May 13 13:07:12 EDT 2008 org/gk/util/ProgressPane$4.class
   795 Tue May 13 13:07:12 EDT 2008 org/gk/util/ProgressPane$5.class
  4531 Tue May 13 13:07:12 EDT 2008 org/gk/util/ProgressPane.class
  5681 Tue May 13 13:07:12 EDT 2008 org/gk/util/RecentProjectHelper.class
  4465 Tue May 13 13:07:12 EDT 2008 org/gk/util/SectionTitlePane.class
  1153 Tue May 13 13:07:12 EDT 2008 org/gk/util/StringUtils.class
  1366 Tue May 13 13:07:12 EDT 2008 org/gk/util/SwingImageCreator$ImageFileFilter.class
  3312 Tue May 13 13:07:12 EDT 2008 org/gk/util/SwingImageCreator.class
   931 Tue May 13 13:07:12 EDT 2008 org/gk/util/TextDialog$1.class
   761 Tue May 13 13:07:12 EDT 2008 org/gk/util/TextDialog$2.class
   761 Tue May 13 13:07:12 EDT 2008 org/gk/util/TextDialog$3.class
   697 Tue May 13 13:07:12 EDT 2008 org/gk/util/TextDialog$4.class
  4072 Tue May 13 13:07:12 EDT 2008 org/gk/util/TextDialog.class
   921 Tue May 13 13:07:12 EDT 2008 org/gk/util/TextSearchPane$1.class
   951 Tue May 13 13:07:12 EDT 2008 org/gk/util/TextSearchPane$2.class
   951 Tue May 13 13:07:12 EDT 2008 org/gk/util/TextSearchPane$3.class
  1236 Tue May 13 13:07:12 EDT 2008 org/gk/util/TextSearchPane$4.class
  4324 Tue May 13 13:07:12 EDT 2008 org/gk/util/TextSearchPane.class
  3798 Tue May 13 13:07:12 EDT 2008 org/gk/util/TreeUtilities.class
  2970 Tue May 13 13:07:12 EDT 2008 org/gk/util/Vertex.class
   960 Tue May 13 13:07:12 EDT 2008 org/gk/util/XMLFileFilter.class
