2014-10-10 18:19:30,573 [main] INFO  org.gk.slicing.SlicingEngine  - runDumpCommand: mysqldump --skip-lock-tables -d -hreactomecurator.oicr.on.ca -uauthortool -pT001test gk_central
2014-10-10 18:19:36,891 [main] ERROR org.gk.slicing.SlicingEngine  - 
2014-10-10 18:19:36,892 [main] INFO  org.gk.slicing.SlicingEngine  - runDumpCommand: mysqldump --skip-lock-tables -q --add-drop-table -e --add-locks -hreactomecurator.oicr.on.ca -uauthortool -pT001test gk_central DataModel
2014-10-10 18:19:36,946 [main] ERROR org.gk.slicing.SlicingEngine  - 
2014-10-10 18:19:36,946 [main] INFO  org.gk.slicing.SlicingEngine  - runDumpCommand: mysqldump --skip-lock-tables -q --add-drop-table -e --add-locks -hreactomecurator.oicr.on.ca -uauthortool -pT001test gk_central Ontology
2014-10-10 18:19:37,000 [main] ERROR org.gk.slicing.SlicingEngine  - 
2014-10-10 18:19:37,001 [main] INFO  org.gk.slicing.SlicingEngine  - createTargetDatabase: mysqladmin -hlocalhost -uauthortool -pT001test create test_slice_50_delete_me
2014-10-10 18:19:37,007 [main] ERROR org.gk.slicing.SlicingEngine  - 
2014-10-10 18:19:37,007 [main] INFO  org.gk.slicing.SlicingEngine  - runImport: mysql -hlocalhost -uauthortool -pT001test test_slice_50_delete_me
2014-10-10 18:19:49,142 [main] ERROR org.gk.slicing.SlicingEngine  - 
2014-10-10 18:19:49,143 [main] INFO  org.gk.slicing.SlicingEngine  - runImport: mysql -hlocalhost -uauthortool -pT001test test_slice_50_delete_me
2014-10-10 18:19:49,671 [main] ERROR org.gk.slicing.SlicingEngine  - 
2014-10-10 18:19:49,672 [main] INFO  org.gk.slicing.SlicingEngine  - runImport: mysql -hlocalhost -uauthortool -pT001test test_slice_50_delete_me
2014-10-10 18:19:49,900 [main] ERROR org.gk.slicing.SlicingEngine  - 
2014-10-10 18:19:51,546 [main] INFO  org.gk.slicing.ProjectBasedSlicingEngine  - Total events as specified: 9401
2014-10-10 18:20:18,487 [main] INFO  org.gk.slicing.ProjectBasedSlicingEngine  - Total instances after figuing out event references: 10288
2014-10-10 18:42:07,395 [main] INFO  org.gk.slicing.SlicingEngine  - extractReferences(): 250273 instances
2014-10-10 18:42:07,395 [main] INFO  org.gk.slicing.SlicingEngine  - Time for extractReferences: 1308908
2014-10-10 18:42:26,436 [main] INFO  org.gk.slicing.SlicingEngine  - extractRegulations: 254419 instances.
2014-10-10 18:42:26,450 [main] INFO  org.gk.slicing.SlicingEngine  - extractConcurrentEventSets: 254423 instances.
2014-10-10 18:42:26,560 [main] ERROR org.gk.slicing.SlicingEngine  - SlicingEngine.checkReactionCooridnates(): 353824 has no locatedEvent!
2014-10-10 18:42:26,592 [main] ERROR org.gk.slicing.SlicingEngine  - SlicingEngine.checkReactionCooridnates(): 353820 has no locatedEvent!
2014-10-10 18:42:27,125 [main] ERROR org.gk.slicing.SlicingEngine  - SlicingEngine.checkReactionCooridnates(): 142957 has no locatedEvent!
2014-10-10 18:42:27,339 [main] ERROR org.gk.slicing.SlicingEngine  - SlicingEngine.checkReactionCooridnates(): 197431 has no locatedEvent!
2014-10-10 18:42:27,442 [main] ERROR org.gk.slicing.SlicingEngine  - SlicingEngine.checkReactionCooridnates(): 353819 has no locatedEvent!
2014-10-10 18:42:27,445 [main] ERROR org.gk.slicing.SlicingEngine  - SlicingEngine.checkReactionCooridnates(): 159144 has no locatedEvent!
2014-10-10 18:42:27,457 [main] ERROR org.gk.slicing.SlicingEngine  - SlicingEngine.checkReactionCooridnates(): 844604 has no locatedEvent!
2014-10-10 18:42:27,516 [main] ERROR org.gk.slicing.SlicingEngine  - SlicingEngine.checkReactionCooridnates(): 353813 has no locatedEvent!
2014-10-10 18:42:27,571 [main] ERROR org.gk.slicing.SlicingEngine  - SlicingEngine.checkReactionCooridnates(): 435077 has no locatedEvent!
2014-10-10 18:42:27,610 [main] ERROR org.gk.slicing.SlicingEngine  - SlicingEngine.checkReactionCooridnates(): 142947 has no locatedEvent!
2014-10-10 18:42:27,621 [main] ERROR org.gk.slicing.SlicingEngine  - SlicingEngine.checkReactionCooridnates(): 197434 has no locatedEvent!
2014-10-10 18:42:27,755 [main] ERROR org.gk.slicing.SlicingEngine  - SlicingEngine.checkReactionCooridnates(): 353764 has no locatedEvent!
2014-10-10 18:42:27,816 [main] ERROR org.gk.slicing.SlicingEngine  - SlicingEngine.checkReactionCooridnates(): 142838 has no locatedEvent!
2014-10-10 18:42:27,822 [main] ERROR org.gk.slicing.SlicingEngine  - SlicingEngine.checkReactionCooridnates(): 188788 has no locatedEvent!
2014-10-10 18:42:28,012 [main] ERROR org.gk.slicing.SlicingEngine  - SlicingEngine.checkReactionCooridnates(): 201230 has no locatedEvent!
2014-10-10 18:42:28,031 [main] ERROR org.gk.slicing.SlicingEngine  - SlicingEngine.checkReactionCooridnates(): 353830 has no locatedEvent!
2014-10-10 18:42:28,055 [main] ERROR org.gk.slicing.SlicingEngine  - SlicingEngine.checkReactionCooridnates(): 844511 has no locatedEvent!
2014-10-10 18:42:28,136 [main] ERROR org.gk.slicing.SlicingEngine  - SlicingEngine.checkReactionCooridnates(): 387378 has no locatedEvent!
2014-10-10 18:42:28,265 [main] ERROR org.gk.slicing.SlicingEngine  - SlicingEngine.checkReactionCooridnates(): 353808 has no locatedEvent!
2014-10-10 18:42:28,272 [main] ERROR org.gk.slicing.SlicingEngine  - SlicingEngine.checkReactionCooridnates(): 164040 has no locatedEvent!
2014-10-10 18:42:28,429 [main] ERROR org.gk.slicing.SlicingEngine  - SlicingEngine.checkReactionCooridnates(): 397975 has no locatedEvent!
2014-10-10 18:42:28,660 [main] ERROR org.gk.slicing.SlicingEngine  - SlicingEngine.checkReactionCooridnates(): 201169 has no locatedEvent!
2014-10-10 18:42:28,670 [main] ERROR org.gk.slicing.SlicingEngine  - SlicingEngine.checkReactionCooridnates(): 159134 has no locatedEvent!
2014-10-10 18:42:28,721 [main] ERROR org.gk.slicing.SlicingEngine  - SlicingEngine.checkReactionCooridnates(): 184616 has no locatedEvent!
2014-10-10 18:42:28,902 [main] ERROR org.gk.slicing.SlicingEngine  - SlicingEngine.checkReactionCooridnates(): 844516 has no locatedEvent!
2014-10-10 18:42:28,988 [main] ERROR org.gk.slicing.SlicingEngine  - SlicingEngine.checkReactionCooridnates(): 201220 has no locatedEvent!
2014-10-10 18:42:29,295 [main] ERROR org.gk.slicing.SlicingEngine  - SlicingEngine.checkReactionCooridnates(): 142954 has no locatedEvent!
2014-10-10 18:42:29,534 [main] ERROR org.gk.slicing.SlicingEngine  - SlicingEngine.checkReactionCooridnates(): 387247 has no locatedEvent!
2014-10-10 18:42:29,694 [main] ERROR org.gk.slicing.SlicingEngine  - SlicingEngine.checkReactionCooridnates(): 353838 has no locatedEvent!
2014-10-10 18:42:29,811 [main] ERROR org.gk.slicing.SlicingEngine  - SlicingEngine.checkReactionCooridnates(): 387272 has no locatedEvent!
2014-10-10 18:42:29,940 [main] ERROR org.gk.slicing.SlicingEngine  - SlicingEngine.checkReactionCooridnates(): 353821 has no locatedEvent!
2014-10-10 18:42:30,021 [main] ERROR org.gk.slicing.SlicingEngine  - SlicingEngine.checkReactionCooridnates(): 387274 has no locatedEvent!
2014-10-10 18:42:30,058 [main] ERROR org.gk.slicing.SlicingEngine  - SlicingEngine.checkReactionCooridnates(): 353757 has no locatedEvent!
2014-10-10 18:42:30,085 [main] ERROR org.gk.slicing.SlicingEngine  - SlicingEngine.checkReactionCooridnates(): 159123 has no locatedEvent!
2014-10-10 18:42:30,100 [main] ERROR org.gk.slicing.SlicingEngine  - SlicingEngine.checkReactionCooridnates(): 353835 has no locatedEvent!
2014-10-10 18:42:30,320 [main] ERROR org.gk.slicing.SlicingEngine  - SlicingEngine.checkReactionCooridnates(): 142881 has no locatedEvent!
2014-10-10 18:42:30,336 [main] ERROR org.gk.slicing.SlicingEngine  - SlicingEngine.checkReactionCooridnates(): 387276 has no locatedEvent!
2014-10-10 18:42:30,337 [main] ERROR org.gk.slicing.SlicingEngine  - SlicingEngine.checkReactionCooridnates(): 387283 has no locatedEvent!
2014-10-10 18:42:30,655 [main] ERROR org.gk.slicing.SlicingEngine  - SlicingEngine.checkReactionCooridnates(): 844517 has no locatedEvent!
2014-10-10 18:42:30,673 [main] ERROR org.gk.slicing.SlicingEngine  - SlicingEngine.checkReactionCooridnates(): 844514 has no locatedEvent!
2014-10-10 18:42:30,774 [main] ERROR org.gk.slicing.SlicingEngine  - SlicingEngine.checkReactionCooridnates(): 178081 has no locatedEvent!
2014-10-10 18:42:30,807 [main] ERROR org.gk.slicing.SlicingEngine  - SlicingEngine.checkReactionCooridnates(): 941833 has no locatedEvent!
2014-10-10 18:42:30,963 [main] ERROR org.gk.slicing.SlicingEngine  - SlicingEngine.checkReactionCooridnates(): 201171 has no locatedEvent!
2014-10-10 18:42:30,989 [main] ERROR org.gk.slicing.SlicingEngine  - SlicingEngine.checkReactionCooridnates(): 532285 has no locatedEvent!
2014-10-10 18:42:31,051 [main] ERROR org.gk.slicing.SlicingEngine  - SlicingEngine.checkReactionCooridnates(): 844515 has no locatedEvent!
2014-10-10 18:42:31,083 [main] ERROR org.gk.slicing.SlicingEngine  - SlicingEngine.checkReactionCooridnates(): 159127 has no locatedEvent!
2014-10-10 18:42:31,096 [main] ERROR org.gk.slicing.SlicingEngine  - SlicingEngine.checkReactionCooridnates(): 844512 has no locatedEvent!
2014-10-10 18:42:31,211 [main] ERROR org.gk.slicing.SlicingEngine  - SlicingEngine.checkReactionCooridnates(): 197443 has no locatedEvent!
2014-10-10 18:42:31,227 [main] ERROR org.gk.slicing.SlicingEngine  - SlicingEngine.checkReactionCooridnates(): 164041 has no locatedEvent!
2014-10-10 18:42:31,758 [main] ERROR org.gk.slicing.SlicingEngine  - SlicingEngine.checkReactionCooridnates(): 844510 has no locatedEvent!
2014-10-10 18:42:31,837 [main] ERROR org.gk.slicing.SlicingEngine  - SlicingEngine.checkReactionCooridnates(): 844513 has no locatedEvent!
2014-10-10 18:42:31,846 [main] ERROR org.gk.slicing.SlicingEngine  - SlicingEngine.checkReactionCooridnates(): 353837 has no locatedEvent!
2014-10-10 18:42:31,850 [main] ERROR org.gk.slicing.SlicingEngine  - SlicingEngine.checkReactionCooridnates(): 387379 has no locatedEvent!
2014-10-10 18:42:31,868 [main] ERROR org.gk.slicing.SlicingEngine  - SlicingEngine.checkReactionCooridnates(): 197441 has no locatedEvent!
2014-10-10 18:42:31,919 [main] ERROR org.gk.slicing.SlicingEngine  - SlicingEngine.checkReactionCooridnates(): 201173 has no locatedEvent!
2014-10-10 18:42:32,069 [main] ERROR org.gk.slicing.SlicingEngine  - SlicingEngine.checkReactionCooridnates(): 178083 has no locatedEvent!
2014-10-10 18:42:32,160 [main] ERROR org.gk.slicing.SlicingEngine  - SlicingEngine.checkReactionCooridnates(): 353807 has no locatedEvent!
2014-10-10 18:42:32,345 [main] ERROR org.gk.slicing.SlicingEngine  - SlicingEngine.checkReactionCooridnates(): 844518 has no locatedEvent!
2014-10-10 18:42:32,595 [main] ERROR org.gk.slicing.SlicingEngine  - SlicingEngine.checkReactionCooridnates(): 201175 has no locatedEvent!
2014-10-10 18:42:32,632 [main] ERROR org.gk.slicing.SlicingEngine  - SlicingEngine.checkReactionCooridnates(): 201172 has no locatedEvent!
2014-10-10 18:42:32,672 [main] ERROR org.gk.slicing.SlicingEngine  - SlicingEngine.checkReactionCooridnates(): 353802 has no locatedEvent!
2014-10-10 18:42:32,806 [main] ERROR org.gk.slicing.SlicingEngine  - SlicingEngine.checkReactionCooridnates(): 142955 has no locatedEvent!
2014-10-10 18:42:32,939 [main] INFO  org.gk.slicing.SlicingEngine  - extractReactionCoordinates: 258303 instances.
2014-10-10 18:42:33,669 [main] WARN  org.gk.slicing.PathwayDiagramSlicingHelper  - "Diagram of Apoptosis" has a pathway node has no diagram associated: 140534
2014-10-10 18:42:45,370 [main] INFO  org.gk.slicing.SlicingEngine  - extractPathwayDiagrams(): 260574
2014-10-10 18:42:46,986 [main] INFO  org.gk.slicing.SlicingQualityAssay  - validateExitence(): 260574 instances.
2014-10-10 18:42:47,858 [main] INFO  org.gk.slicing.SlicingQualityAssay  - validateEventsInHierarchy...
2014-10-10 18:42:47,975 [main] INFO  org.gk.slicing.SlicingQualityAssay  - validateEventsInHierarchy: 0.116 seconds.
2014-10-10 18:42:47,975 [main] INFO  org.gk.slicing.SlicingQualityAssay  - Events that have not listed in the pathway hierarchy: 887 instances
2014-10-10 19:52:27,016 [main] INFO  org.gk.slicing.SlicingEngine  - Time for dumpInstances(): 4178317
