     0 Tue Apr 17 09:01:48 EDT 2007 META-INF/
   168 Tue Apr 17 09:01:46 EDT 2007 META-INF/MANIFEST.MF
     0 Mon Mar 26 08:55:04 EDT 2007 org/
     0 Mon Mar 26 08:55:04 EDT 2007 org/gk/
     0 Mon Mar 26 08:55:34 EDT 2007 org/gk/database/
     0 Mon Mar 26 08:55:28 EDT 2007 org/gk/database/util/
     0 Mon Mar 26 08:55:24 EDT 2007 org/gk/model/
     0 Fri Apr 06 10:42:52 EDT 2007 org/gk/persistence/
     0 Mon Mar 26 08:55:16 EDT 2007 org/gk/schema/
     0 Mon Mar 26 08:55:16 EDT 2007 org/gk/slicing/
     0 Tue Mar 27 09:12:12 EDT 2007 org/gk/util/
  2072 Mon Mar 26 08:55:28 EDT 2007 org/gk/database/util/AbstractAttributeAutoFiller.class
   181 Mon Mar 26 08:55:28 EDT 2007 org/gk/database/util/DBTool.class
  4316 Mon Mar 26 08:55:28 EDT 2007 org/gk/database/util/EventToGoMapTool.class
  6712 Mon Mar 26 08:55:28 EDT 2007 org/gk/database/util/EventTreeXMLOutput.class
  4857 Mon Mar 26 08:55:28 EDT 2007 org/gk/database/util/LiteratureReferenceAttributeAutoFiller.class
   983 Mon Mar 26 08:55:28 EDT 2007 org/gk/database/util/ReactionCompartmentChecker$1.class
  2078 Mon Mar 26 08:55:28 EDT 2007 org/gk/database/util/ReactionCompartmentChecker$CompartmentNode.class
  9025 Mon Mar 26 08:55:28 EDT 2007 org/gk/database/util/ReactionCompartmentChecker.class
  5487 Mon Mar 26 08:55:28 EDT 2007 org/gk/database/util/ReactionToGoMFMap.class
  8931 Mon Mar 26 08:55:28 EDT 2007 org/gk/database/util/ReferencePeptideSequenceAutoFiller.class
  1740 Mon Mar 26 08:55:24 EDT 2007 org/gk/model/AttributeClassNotAllowedException.class
  1379 Mon Mar 26 08:55:24 EDT 2007 org/gk/model/Bookmark.class
  1750 Mon Mar 26 08:55:24 EDT 2007 org/gk/model/ClassAttributeFollowingInstruction.class
   638 Mon Mar 26 08:55:24 EDT 2007 org/gk/model/DBIDNotSetException.class
  1770 Mon Mar 26 08:55:24 EDT 2007 org/gk/model/DatabaseIdentifier.class
 13989 Mon Mar 26 08:55:24 EDT 2007 org/gk/model/GKInstance.class
  1036 Mon Mar 26 08:55:24 EDT 2007 org/gk/model/Instance.class
  2698 Mon Mar 26 08:55:24 EDT 2007 org/gk/model/InstanceCache.class
 10006 Mon Mar 26 08:55:24 EDT 2007 org/gk/model/InstanceDisplayNameGenerator.class
   923 Mon Mar 26 08:55:24 EDT 2007 org/gk/model/InstanceEdit.class
   778 Mon Mar 26 08:55:24 EDT 2007 org/gk/model/InstanceUtilities$1.class
  1035 Mon Mar 26 08:55:24 EDT 2007 org/gk/model/InstanceUtilities$2.class
  1192 Mon Mar 26 08:55:24 EDT 2007 org/gk/model/InstanceUtilities$3.class
 16502 Mon Mar 26 08:55:24 EDT 2007 org/gk/model/InstanceUtilities.class
  1899 Mon Mar 26 08:55:24 EDT 2007 org/gk/model/Modification.class
  1055 Mon Mar 26 08:55:24 EDT 2007 org/gk/model/PersistenceAdaptor.class
   862 Mon Mar 26 08:55:24 EDT 2007 org/gk/model/Query.class
  6519 Tue Mar 27 15:09:04 EDT 2007 org/gk/model/ReactomeJavaConstants.class
  2264 Mon Mar 26 08:55:24 EDT 2007 org/gk/model/Reference.class
  1238 Mon Mar 26 08:55:24 EDT 2007 org/gk/model/ReferenceDatabase.class
  2145 Mon Mar 26 08:55:24 EDT 2007 org/gk/model/StoichiometryInstance.class
  2197 Mon Mar 26 08:55:24 EDT 2007 org/gk/model/Summation.class
  4465 Mon Mar 26 08:55:22 EDT 2007 org/gk/persistence/Bookmarks.class
   993 Mon Mar 26 08:55:22 EDT 2007 org/gk/persistence/DBConnectionPane$1.class
   974 Mon Mar 26 08:55:22 EDT 2007 org/gk/persistence/DBConnectionPane$2.class
   935 Mon Mar 26 08:55:22 EDT 2007 org/gk/persistence/DBConnectionPane$3.class
  1332 Mon Mar 26 08:55:22 EDT 2007 org/gk/persistence/DBConnectionPane$4.class
  8586 Mon Mar 26 08:55:22 EDT 2007 org/gk/persistence/DBConnectionPane.class
   593 Mon Mar 26 08:55:22 EDT 2007 org/gk/persistence/FileAdaptor$IndexInfo.class
 46493 Mon Mar 26 08:55:22 EDT 2007 org/gk/persistence/FileAdaptor.class
 43427 Fri Apr 06 10:43:00 EDT 2007 org/gk/persistence/FilePersistence.class
 17746 Mon Mar 26 08:55:22 EDT 2007 org/gk/persistence/GKBReader.class
 15031 Mon Mar 26 08:55:22 EDT 2007 org/gk/persistence/GKBWriter.class
   804 Mon Mar 26 08:55:22 EDT 2007 org/gk/persistence/MySQLAdaptor$AttributeHandler.class
  2388 Mon Mar 26 08:55:22 EDT 2007 org/gk/persistence/MySQLAdaptor$AttributeQueryRequest.class
  1810 Mon Mar 26 08:55:22 EDT 2007 org/gk/persistence/MySQLAdaptor$MultiInstanceAttributeHandler.class
  2330 Mon Mar 26 08:55:22 EDT 2007 org/gk/persistence/MySQLAdaptor$MultiValueAttributeHandler.class
  1653 Mon Mar 26 08:55:22 EDT 2007 org/gk/persistence/MySQLAdaptor$QueryRequest.class
   548 Mon Mar 26 08:55:22 EDT 2007 org/gk/persistence/MySQLAdaptor$QueryRequestList.class
   947 Mon Mar 26 08:55:22 EDT 2007 org/gk/persistence/MySQLAdaptor$ResultSetWithHandlers.class
  2439 Mon Mar 26 08:55:22 EDT 2007 org/gk/persistence/MySQLAdaptor$ReverseAttributeQueryRequest.class
  1731 Mon Mar 26 08:55:22 EDT 2007 org/gk/persistence/MySQLAdaptor$SingleInstanceAttributeHandler.class
  2259 Mon Mar 26 08:55:22 EDT 2007 org/gk/persistence/MySQLAdaptor$SingleValueAttributeHandler.class
 53143 Mon Mar 26 08:55:22 EDT 2007 org/gk/persistence/MySQLAdaptor.class
  2126 Mon Mar 26 08:55:22 EDT 2007 org/gk/persistence/PersistenceManager$ConnectInfo.class
  6316 Mon Mar 26 08:55:22 EDT 2007 org/gk/persistence/PersistenceManager.class
  3362 Mon Mar 26 08:55:22 EDT 2007 org/gk/persistence/Project.class
   796 Mon Mar 26 08:55:22 EDT 2007 org/gk/persistence/TransactionsNotSupportedException.class
  1014 Mon Mar 26 08:55:22 EDT 2007 org/gk/persistence/XMLFileAdaptor$1.class
 31897 Mon Mar 26 08:55:22 EDT 2007 org/gk/persistence/XMLFileAdaptor.class
  5737 Mon Mar 26 08:55:16 EDT 2007 org/gk/schema/GKSchema.class
  6971 Mon Mar 26 08:55:16 EDT 2007 org/gk/schema/GKSchemaAttribute.class
   684 Mon Mar 26 08:55:16 EDT 2007 org/gk/schema/GKSchemaClass$1.class
 12696 Mon Mar 26 08:55:16 EDT 2007 org/gk/schema/GKSchemaClass.class
  1041 Mon Mar 26 08:55:16 EDT 2007 org/gk/schema/InvalidAttributeException.class
   854 Mon Mar 26 08:55:16 EDT 2007 org/gk/schema/InvalidAttributeValueException.class
   577 Mon Mar 26 08:55:16 EDT 2007 org/gk/schema/InvalidClassException.class
   541 Mon Mar 26 08:55:16 EDT 2007 org/gk/schema/Schema.class
  1155 Mon Mar 26 08:55:16 EDT 2007 org/gk/schema/SchemaAttribute.class
   703 Mon Mar 26 08:55:16 EDT 2007 org/gk/schema/SchemaClass.class
  5249 Mon Mar 26 08:55:16 EDT 2007 org/gk/schema/SchemaParser.class
  1250 Mon Mar 26 08:55:16 EDT 2007 org/gk/slicing/EventReleaseCheckPane$1.class
  1243 Mon Mar 26 08:55:16 EDT 2007 org/gk/slicing/EventReleaseCheckPane$2.class
  2380 Mon Mar 26 08:55:16 EDT 2007 org/gk/slicing/EventReleaseCheckPane$3.class
  2886 Mon Mar 26 08:55:16 EDT 2007 org/gk/slicing/EventReleaseCheckPane$ClickableCellRenderer.class
 11675 Mon Mar 26 08:55:16 EDT 2007 org/gk/slicing/EventReleaseCheckPane.class
  2898 Mon Mar 26 08:55:16 EDT 2007 org/gk/slicing/EventReleaseWizard$1.class
  1096 Mon Mar 26 08:55:16 EDT 2007 org/gk/slicing/EventReleaseWizard$2.class
  2017 Mon Mar 26 08:55:16 EDT 2007 org/gk/slicing/EventReleaseWizard$3.class
  1582 Mon Mar 26 08:55:16 EDT 2007 org/gk/slicing/EventReleaseWizard$4.class
  1937 Mon Mar 26 08:55:16 EDT 2007 org/gk/slicing/EventReleaseWizard$PreviewPanel.class
 10788 Mon Mar 26 08:55:16 EDT 2007 org/gk/slicing/EventReleaseWizard.class
  8975 Mon Mar 26 08:55:16 EDT 2007 org/gk/slicing/EventSlicingHelper.class
 26048 Tue Apr 17 09:00:18 EDT 2007 org/gk/slicing/SlicingEngine.class
   924 Mon Mar 26 08:55:16 EDT 2007 org/gk/slicing/WizardInstructionPane$1.class
  4222 Mon Mar 26 08:55:16 EDT 2007 org/gk/slicing/WizardInstructionPane.class
   858 Mon Mar 26 08:55:16 EDT 2007 org/gk/util/AboutGKPane$1.class
   688 Mon Mar 26 08:55:16 EDT 2007 org/gk/util/AboutGKPane$2.class
   932 Mon Mar 26 08:55:16 EDT 2007 org/gk/util/AboutGKPane$3.class
  1297 Mon Mar 26 08:55:16 EDT 2007 org/gk/util/AboutGKPane$4.class
  1589 Mon Mar 26 08:55:16 EDT 2007 org/gk/util/AboutGKPane$5.class
  1910 Mon Mar 26 08:55:16 EDT 2007 org/gk/util/AboutGKPane$ImagePanel.class
  7102 Mon Mar 26 08:55:16 EDT 2007 org/gk/util/AboutGKPane.class
  5321 Mon Mar 26 08:55:16 EDT 2007 org/gk/util/AuthorToolAppletUtilities.class
   165 Mon Mar 26 08:55:16 EDT 2007 org/gk/util/AutoCompletable.class
  2348 Mon Mar 26 08:55:16 EDT 2007 org/gk/util/AutoCompletionPane$1.class
  1527 Mon Mar 26 08:55:16 EDT 2007 org/gk/util/AutoCompletionPane$2.class
  1646 Mon Mar 26 08:55:16 EDT 2007 org/gk/util/AutoCompletionPane$3.class
  4793 Mon Mar 26 08:55:16 EDT 2007 org/gk/util/AutoCompletionPane.class
  3954 Mon Mar 26 08:55:16 EDT 2007 org/gk/util/BrowserLauncher.class
  1659 Mon Mar 26 08:55:16 EDT 2007 org/gk/util/CloseableTabbedPane$CloseTabIcon.class
  5116 Mon Mar 26 08:55:16 EDT 2007 org/gk/util/CloseableTabbedPane.class
  1191 Mon Mar 26 08:55:16 EDT 2007 org/gk/util/DialogControlPane.class
  5269 Mon Mar 26 08:55:16 EDT 2007 org/gk/util/DrawUtilities.class
   654 Mon Mar 26 08:55:16 EDT 2007 org/gk/util/Edge.class
 15693 Mon Mar 26 08:55:16 EDT 2007 org/gk/util/GKApplicationUtilities.class
  1296 Mon Mar 26 08:55:16 EDT 2007 org/gk/util/GKFileFilter.class
  1829 Mon Mar 26 08:55:16 EDT 2007 org/gk/util/Graph.class
  7933 Mon Mar 26 08:55:16 EDT 2007 org/gk/util/GraphLayoutEngine.class
   924 Mon Mar 26 08:55:16 EDT 2007 org/gk/util/HierarchicalLayout$1.class
   844 Mon Mar 26 08:55:16 EDT 2007 org/gk/util/HierarchicalLayout$2.class
   879 Mon Mar 26 08:55:16 EDT 2007 org/gk/util/HierarchicalLayout$3.class
 11797 Mon Mar 26 08:55:16 EDT 2007 org/gk/util/HierarchicalLayout.class
  5688 Mon Mar 26 08:55:16 EDT 2007 org/gk/util/RecentProjectHelper.class
  4347 Mon Mar 26 08:55:16 EDT 2007 org/gk/util/SectionTitlePane.class
  1061 Mon Mar 26 08:55:16 EDT 2007 org/gk/util/StringUtils.class
  1366 Mon Mar 26 08:55:16 EDT 2007 org/gk/util/SwingImageCreator$ImageFileFilter.class
  3312 Mon Mar 26 08:55:16 EDT 2007 org/gk/util/SwingImageCreator.class
   909 Mon Mar 26 08:55:16 EDT 2007 org/gk/util/TextDialog$1.class
   739 Mon Mar 26 08:55:16 EDT 2007 org/gk/util/TextDialog$2.class
   739 Mon Mar 26 08:55:16 EDT 2007 org/gk/util/TextDialog$3.class
   675 Mon Mar 26 08:55:16 EDT 2007 org/gk/util/TextDialog$4.class
  4096 Mon Mar 26 08:55:16 EDT 2007 org/gk/util/TextDialog.class
   899 Mon Mar 26 08:55:16 EDT 2007 org/gk/util/TextSearchPane$1.class
   879 Mon Mar 26 08:55:16 EDT 2007 org/gk/util/TextSearchPane$2.class
   879 Mon Mar 26 08:55:16 EDT 2007 org/gk/util/TextSearchPane$3.class
  1164 Mon Mar 26 08:55:16 EDT 2007 org/gk/util/TextSearchPane$4.class
  4354 Mon Mar 26 08:55:16 EDT 2007 org/gk/util/TextSearchPane.class
  3798 Mon Mar 26 08:55:16 EDT 2007 org/gk/util/TreeUtilities.class
  2970 Mon Mar 26 08:55:16 EDT 2007 org/gk/util/Vertex.class
   960 Mon Mar 26 08:55:16 EDT 2007 org/gk/util/XMLFileFilter.class
